--------------------------node服务已开启----------------------------
--------------------------node服务已开启----------------------------
出错了 请求超时,请重试!Read timed out
[0mGET /static/img/u01.png [36m304 [0m3.384 ms - -[0m
[0mGET /static/img/u03.png [36m304 [0m0.506 ms - -[0m
[0mGET /static/img/pro_bg_1.png [36m304 [0m0.474 ms - -[0m
[0mGET /static/img/pro_bg_2.png [36m304 [0m0.399 ms - -[0m
[0mGET /static/img/num_bg.jpg [36m304 [0m0.595 ms - -[0m
[0mGET /static/faviconlogo.ico [36m304 [0m0.515 ms - -[0m
[0mGET / [33m404 [0m6.550 ms - 44[0m
[0mGET / [33m404 [0m1.259 ms - 44[0m
出错了 请求超时,请重试!Read timed out
出错了 { Error: connect EHOSTUNREACH 192.168.1.101:443
    at TCPConnectWrap.afterConnect [as oncomplete] (net.js:1104:14)
  errno: 'EHOSTUNREACH',
  code: 'EHOSTUNREACH',
  syscall: 'connect',
  address: '192.168.1.101',
  port: 443 }
出错了 { Error: connect EHOSTUNREACH 192.168.1.101:443
    at TCPConnectWrap.afterConnect [as oncomplete] (net.js:1104:14)
  errno: 'EHOSTUNREACH',
  code: 'EHOSTUNREACH',
  syscall: 'connect',
  address: '192.168.1.101',
  port: 443 }
--------------------------node服务已开启----------------------------
[0mGET / [33m404 [0m9.731 ms - 44[0m
[0mGET /favicon.ico [33m404 [0m1.088 ms - 44[0m
[0mGET /home.html [32m200 [0m2.784 ms - 284755[0m
[0mGET /css/base.css [36m304 [0m0.990 ms - -[0m
[0mGET /css/home.css [36m304 [0m1.290 ms - -[0m
[0mGET /static2/img/logo.png [32m200 [0m2.310 ms - 68619[0m
[0mGET /static2/img/carousel2.jpg [32m200 [0m1.035 ms - 286817[0m
[0mGET /static2/img/carousel3.jpg [32m200 [0m3.813 ms - 113776[0m
[0mGET /static2/img/company_02.png [32m200 [0m1.595 ms - 59667[0m
[0mGET /static2/img/company_03.png [32m200 [0m1.224 ms - 88677[0m
[0mGET /static2/img/company_01.png [32m200 [0m1.610 ms - 49329[0m
[0mGET /static2/img/company_04.png [32m200 [0m1.809 ms - 76636[0m
[0mGET /static2/img/company_05.png [32m200 [0m1.255 ms - 61907[0m
[0mGET /static2/img/company_06.png [32m200 [0m2.348 ms - 46228[0m
[0mGET /static2/img/company_07.png [32m200 [0m3.057 ms - 133478[0m
[0mGET /static2/img/company_09.png [32m200 [0m1.069 ms - 110805[0m
[0mGET /static2/img/company_08.png [32m200 [0m1.137 ms - 157511[0m
[0mGET /static2/img/company_11.png [32m200 [0m1.648 ms - 102325[0m
[0mGET /static2/img/company_12.png [32m200 [0m2.229 ms - 77992[0m
[0mGET /static2/img/company_13.png [32m200 [0m1.179 ms - 68145[0m
[0mGET /static2/img/company_15.png [32m200 [0m0.819 ms - 50648[0m
[0mGET /static2/img/company_17.png [32m200 [0m1.214 ms - 56694[0m
[0mGET /static/img/u01.png [33m404 [0m0.682 ms - 44[0m
[0mGET /static2/img/wx_code.jpg [32m200 [0m1.021 ms - 27073[0m
[0mGET /static2/img/down_app.png [32m200 [0m1.342 ms - 3970[0m
[0mGET /static/img/u02.png [33m404 [0m0.408 ms - 44[0m
[0mGET /static/img/u03.png [33m404 [0m0.477 ms - 44[0m
[0mGET /static/img/u04.png [33m404 [0m0.552 ms - 44[0m
[0mGET /static/img/pro_bg_1.png [33m404 [0m0.625 ms - 44[0m
[0mGET /static/img/pro_bg_2.png [33m404 [0m0.425 ms - 44[0m
[0mGET /static/img/num_bg.jpg [33m404 [0m0.571 ms - 44[0m
[0mGET /static/img/tel.png [33m404 [0m0.352 ms - 44[0m
[0mGET /home.html [36m304 [0m0.533 ms - -[0m
[0mGET /css/base.css [36m304 [0m0.409 ms - -[0m
[0mGET /static2/img/company_07.png [36m304 [0m0.733 ms - -[0m
[0mGET /static2/img/company_13.png [36m304 [0m0.430 ms - -[0m
[0mGET /static/img/pro_bg_1.png [33m404 [0m0.498 ms - 44[0m
[0mGET /static/img/num_bg.jpg [33m404 [0m0.431 ms - 44[0m
[0mGET /static/img/tel.png [33m404 [0m0.501 ms - 44[0m
[0mGET /fonts/fzktb/FZKTB.woff [36m304 [0m0.377 ms - -[0m
[0mGET /static2/img/carousel1.png [36m304 [0m0.682 ms - -[0m
[0mGET /static2/img/carousel3.jpg [36m304 [0m0.554 ms - -[0m
[0mGET /static2/img/company_01.png [36m304 [0m0.622 ms - -[0m
[0mGET /static2/img/company_05.png [36m304 [0m0.440 ms - -[0m
[0mGET /static2/img/company_09.png [36m304 [0m0.399 ms - -[0m
[0mGET /static2/img/company_11.png [36m304 [0m0.551 ms - -[0m
[0mGET /static2/img/company_12.png [36m304 [0m0.442 ms - -[0m
[0mGET /static2/img/company_13.png [36m304 [0m0.628 ms - -[0m
[0mGET /static2/img/wx_code.jpg [36m304 [0m0.459 ms - -[0m
[0mGET /static2/img/down_app.png [36m304 [0m0.692 ms - -[0m
[0mGET /static/img/u02.png [33m404 [0m0.550 ms - 44[0m
[0mGET /static/img/pro_bg_1.png [33m404 [0m0.702 ms - 44[0m
[0mGET /static/img/pro_bg_2.png [33m404 [0m0.350 ms - 44[0m
[0mGET /static/img/tel.png [33m404 [0m0.411 ms - 44[0m
[0mGET /fonts/fzktb/FZKTB.woff [36m304 [0m0.356 ms - -[0m
[0mGET /static2/faviconlogo.ico [32m200 [0m0.871 ms - 4286[0m
[0mGET /home.html [36m304 [0m1.058 ms - -[0m
[0mGET /css/base.css [36m304 [0m0.725 ms - -[0m
[0mGET /css/home.css [36m304 [0m0.662 ms - -[0m
[0mGET /static2/img/logo.png [36m304 [0m0.691 ms - -[0m
[0mGET /static2/img/carousel1.png [36m304 [0m0.711 ms - -[0m
[0mGET /static2/img/carousel2.jpg [36m304 [0m0.349 ms - -[0m
[0mGET /static2/img/carousel3.jpg [36m304 [0m0.378 ms - -[0m
[0mGET /static2/img/company_01.png [36m304 [0m0.685 ms - -[0m
[0mGET /static2/img/company_02.png [36m304 [0m0.711 ms - -[0m
[0mGET /static2/img/company_03.png [36m304 [0m0.843 ms - -[0m
[0mGET /static2/img/company_04.png [36m304 [0m0.873 ms - -[0m
[0mGET /static2/img/company_05.png [36m304 [0m0.359 ms - -[0m
[0mGET /static2/img/company_06.png [36m304 [0m0.362 ms - -[0m
[0mGET /static2/img/company_07.png [36m304 [0m0.712 ms - -[0m
[0mGET /static2/img/company_08.png [36m304 [0m0.740 ms - -[0m
[0mGET /static2/img/company_09.png [36m304 [0m0.757 ms - -[0m
[0mGET /static2/img/company_10.png [36m304 [0m1.229 ms - -[0m
[0mGET /static2/img/company_11.png [36m304 [0m1.720 ms - -[0m
[0mGET /static2/img/company_12.png [36m304 [0m0.954 ms - -[0m
[0mGET /static2/img/company_13.png [36m304 [0m0.664 ms - -[0m
[0mGET /static2/img/company_14.png [36m304 [0m0.938 ms - -[0m
[0mGET /js/home.js [36m304 [0m0.664 ms - -[0m
[0mGET /static2/img/company_15.png [36m304 [0m1.146 ms - -[0m
[0mGET /static2/img/company_17.png [36m304 [0m1.149 ms - -[0m
[0mGET /static2/img/wx_code.jpg [36m304 [0m1.006 ms - -[0m
[0mGET /static2/img/down_app.png [36m304 [0m1.020 ms - -[0m
[0mGET /static/img/u01.png [33m404 [0m1.387 ms - 44[0m
[0mGET /static/img/u02.png [33m404 [0m1.526 ms - 44[0m
[0mGET /static/img/u03.png [33m404 [0m1.716 ms - 44[0m
[0mGET /fonts/fzktb/FZKTB.woff [36m304 [0m1.750 ms - -[0m
[0mGET /static/img/u04.png [33m404 [0m0.587 ms - 44[0m
[0mGET /static/img/pro_bg_1.png [33m404 [0m0.890 ms - 44[0m
[0mGET /static/img/pro_bg_2.png [33m404 [0m0.432 ms - 44[0m
[0mGET /static/img/num_bg.jpg [33m404 [0m0.672 ms - 44[0m
[0mGET /static/img/tel.png [33m404 [0m0.757 ms - 44[0m
[0mGET /static2/faviconlogo.ico [32m200 [0m0.709 ms - 4286[0m
[0mGET /css/base.css [36m304 [0m0.693 ms - -[0m
[0mGET /css/home.css [36m304 [0m0.469 ms - -[0m
[0mGET /css/home.css.map [32m200 [0m0.714 ms - 7496[0m
[0mGET /css/base.css.map [32m200 [0m0.716 ms - 1368[0m
[0mGET /home.html [36m304 [0m0.375 ms - -[0m
[0mGET /css/base.css [36m304 [0m0.507 ms - -[0m
[0mGET /css/home.css [36m304 [0m0.544 ms - -[0m
[0mGET /static2/img/logo.png [36m304 [0m0.520 ms - -[0m
[0mGET /static2/img/carousel1.png [36m304 [0m0.446 ms - -[0m
[0mGET /static2/img/carousel2.jpg [36m304 [0m0.374 ms - -[0m
[0mGET /static2/img/carousel3.jpg [36m304 [0m0.438 ms - -[0m
[0mGET /static2/img/company_01.png [36m304 [0m0.916 ms - -[0m
[0mGET /static2/img/company_03.png [36m304 [0m0.592 ms - -[0m
[0mGET /static2/img/company_02.png [36m304 [0m0.988 ms - -[0m
[0mGET /static2/img/company_04.png [36m304 [0m0.869 ms - -[0m
[0mGET /static2/img/company_05.png [36m304 [0m0.339 ms - -[0m
[0mGET /static2/img/company_06.png [36m304 [0m0.357 ms - -[0m
[0mGET /static2/img/company_07.png [36m304 [0m0.481 ms - -[0m
[0mGET /static2/img/company_08.png [36m304 [0m0.511 ms - -[0m
[0mGET /static2/img/company_09.png [36m304 [0m0.776 ms - -[0m
[0mGET /static2/img/company_10.png [36m304 [0m0.687 ms - -[0m
[0mGET /static2/img/company_11.png [36m304 [0m0.506 ms - -[0m
[0mGET /static2/img/company_12.png [36m304 [0m0.404 ms - -[0m
[0mGET /static2/img/company_13.png [36m304 [0m0.372 ms - -[0m
[0mGET /static2/img/company_14.png [36m304 [0m0.763 ms - -[0m
[0mGET /static2/img/company_15.png [36m304 [0m1.432 ms - -[0m
[0mGET /static2/img/company_17.png [36m304 [0m0.914 ms - -[0m
[0mGET /static2/img/wx_code.jpg [36m304 [0m0.800 ms - -[0m
[0mGET /static2/img/down_app.png [36m304 [0m1.385 ms - -[0m
[0mGET /js/home.js [36m304 [0m0.592 ms - -[0m
[0mGET /css/base.css.map [36m304 [0m1.094 ms - -[0m
[0mGET /css/home.css.map [36m304 [0m0.511 ms - -[0m
[0mGET /static/img/u01.png [33m404 [0m0.663 ms - 44[0m
[0mGET /static/img/u02.png [33m404 [0m1.054 ms - 44[0m
[0mGET /static/img/u03.png [33m404 [0m2.050 ms - 44[0m
[0mGET /static/img/u04.png [33m404 [0m1.784 ms - 44[0m
[0mGET /static/img/pro_bg_1.png [33m404 [0m1.791 ms - 44[0m
[0mGET /static/img/pro_bg_2.png [33m404 [0m1.509 ms - 44[0m
[0mGET /fonts/fzktb/FZKTB.woff [36m304 [0m0.743 ms - -[0m
[0mGET /static/img/num_bg.jpg [33m404 [0m0.817 ms - 44[0m
[0mGET /static/img/tel.png [33m404 [0m0.882 ms - 44[0m
[0mGET /static2/faviconlogo.ico [32m200 [0m0.969 ms - 4286[0m
